<?xml version="1.0" encoding="UTF-8"?>
<!-- Generated by org.testng.reporters.JUnitReportReporter -->
<testsuite skipped="0" hostname="Saurabhs-MacBook-Pro.local" name="testdemo.testmaven.AppTest" tests="1" failures="0" timestamp="06 Sep 2017 11:14:22 GMT" time="2.529" errors="0">
  <testcase name="FirstTest" time="2.529" classname="testdemo.testmaven.AppTest"/>
</testsuite> <!-- testdemo.testmaven.AppTest -->
